<?xml version="1.0" encoding="UTF-8"?>
<!-- Generated by org.testng.reporters.JUnitReportReporter -->
<testsuite hostname="DESKTOP-BNIRTNQ" failures="0" tests="1" name="com.SauceDemo.TestClasses.TC03SingleProductAddToCartFunctionality" time="11.805" errors="0" timestamp="2022-05-29T09:15:37 IST" skipped="0">
  <testcase classname="com.SauceDemo.TestClasses.TC03SingleProductAddToCartFunctionality" name="singleProductAddToCart" time="11.805"/>
  <system-out/>
</testsuite> <!-- com.SauceDemo.TestClasses.TC03SingleProductAddToCartFunctionality -->
